2022-03-14 10:45:32,202 WARN  [SoapUI] Missing folder [C:\Users\Moolya\Desktop\SoupUI project\my-app\ext] for external libraries
2022-03-14 10:45:32,503 INFO  [DefaultSoapUICore] initialized soapui-settings from [C:\Users\Moolya\soapui-settings.xml]
2022-03-14 10:45:32,899 WARN  [SoapUI] Plugin 'ready-uxm-plugin-os-1.0.3.jar' is not loaded because it hasn't been signed by SmartBear Software.
2022-03-14 10:45:33,178 INFO  [PluginManager] Adding plugin from [C:\Users\Moolya\.soapuios\plugins\readyapi-postman-1.0.1.jar]
2022-03-14 10:45:34,422 ERROR [SoapUI] An error occurred [com.eviware.soapui.plugins.auto.factories.AutoImportMethodFactory], see error log for details
2022-03-14 10:45:34,425 ERROR [errorlog] java.lang.ClassNotFoundException: com.eviware.soapui.plugins.auto.factories.AutoImportMethodFactory
java.lang.ClassNotFoundException: com.eviware.soapui.plugins.auto.factories.AutoImportMethodFactory
	at org.codehaus.plexus.classworlds.strategy.SelfFirstStrategy.loadClass(SelfFirstStrategy.java:50)
	at org.codehaus.plexus.classworlds.realm.ClassRealm.unsynchronizedLoadClass(ClassRealm.java:271)
	at org.codehaus.plexus.classworlds.realm.ClassRealm.loadClass(ClassRealm.java:247)
	at org.codehaus.plexus.classworlds.realm.ClassRealm.loadClass(ClassRealm.java:239)
	at java.lang.Class.forName0(Native Method)
	at java.lang.Class.forName(Class.java:264)
	at com.eviware.soapui.plugins.LoaderBase.loadAutoFactories(LoaderBase.java:113)
	at com.eviware.soapui.plugins.LoaderBase.loadFactories(LoaderBase.java:80)
	at com.eviware.soapui.plugins.PluginLoader.loadPluginFactories(PluginLoader.java:141)
	at com.eviware.soapui.plugins.PluginLoader.loadPlugin(PluginLoader.java:104)
	at com.eviware.soapui.plugins.PluginLoader.loadPlugin(PluginLoader.java:54)
	at com.eviware.soapui.plugins.PluginManager.doInstallPlugin(PluginManager.java:141)
	at com.eviware.soapui.plugins.PluginManager.access$600(PluginManager.java:43)
	at com.eviware.soapui.plugins.PluginManager$LoadPluginsTask.computeSequentially(PluginManager.java:420)
	at com.eviware.soapui.plugins.PluginManager$LoadPluginsTask.compute(PluginManager.java:377)
	at com.eviware.soapui.plugins.PluginManager$LoadPluginsTask.compute(PluginManager.java:365)
	at java.util.concurrent.RecursiveTask.exec(RecursiveTask.java:94)
	at java.util.concurrent.ForkJoinTask.doExec(ForkJoinTask.java:289)
	at java.util.concurrent.ForkJoinPool$WorkQueue.runTask(ForkJoinPool.java:1056)
	at java.util.concurrent.ForkJoinPool.runWorker(ForkJoinPool.java:1692)
	at java.util.concurrent.ForkJoinWorkerThread.run(ForkJoinWorkerThread.java:157)
2022-03-14 10:45:34,478 ERROR [SoapUI] An error occurred [com.eviware.soapui.plugins.auto.factories.AutoDiscoveryMethodFactory], see error log for details
2022-03-14 10:45:34,478 ERROR [errorlog] java.lang.ClassNotFoundException: com.eviware.soapui.plugins.auto.factories.AutoDiscoveryMethodFactory
java.lang.ClassNotFoundException: com.eviware.soapui.plugins.auto.factories.AutoDiscoveryMethodFactory
	at org.codehaus.plexus.classworlds.strategy.SelfFirstStrategy.loadClass(SelfFirstStrategy.java:50)
	at org.codehaus.plexus.classworlds.realm.ClassRealm.unsynchronizedLoadClass(ClassRealm.java:271)
	at org.codehaus.plexus.classworlds.realm.ClassRealm.loadClass(ClassRealm.java:247)
	at org.codehaus.plexus.classworlds.realm.ClassRealm.loadClass(ClassRealm.java:239)
	at java.lang.Class.forName0(Native Method)
	at java.lang.Class.forName(Class.java:264)
	at com.eviware.soapui.plugins.LoaderBase.loadAutoFactories(LoaderBase.java:113)
	at com.eviware.soapui.plugins.LoaderBase.loadFactories(LoaderBase.java:80)
	at com.eviware.soapui.plugins.PluginLoader.loadPluginFactories(PluginLoader.java:141)
	at com.eviware.soapui.plugins.PluginLoader.loadPlugin(PluginLoader.java:104)
	at com.eviware.soapui.plugins.PluginLoader.loadPlugin(PluginLoader.java:54)
	at com.eviware.soapui.plugins.PluginManager.doInstallPlugin(PluginManager.java:141)
	at com.eviware.soapui.plugins.PluginManager.access$600(PluginManager.java:43)
	at com.eviware.soapui.plugins.PluginManager$LoadPluginsTask.computeSequentially(PluginManager.java:420)
	at com.eviware.soapui.plugins.PluginManager$LoadPluginsTask.compute(PluginManager.java:377)
	at com.eviware.soapui.plugins.PluginManager$LoadPluginsTask.compute(PluginManager.java:365)
	at java.util.concurrent.RecursiveTask.exec(RecursiveTask.java:94)
	at java.util.concurrent.ForkJoinTask.doExec(ForkJoinTask.java:289)
	at java.util.concurrent.ForkJoinPool$WorkQueue.runTask(ForkJoinPool.java:1056)
	at java.util.concurrent.ForkJoinPool.runWorker(ForkJoinPool.java:1692)
	at java.util.concurrent.ForkJoinWorkerThread.run(ForkJoinWorkerThread.java:157)
2022-03-14 10:45:34,567 INFO  [PluginManager] Adding plugin from [C:\Users\Moolya\.soapuios\plugins\ready-mqtt-plugin-dist.jar]
2022-03-14 10:45:35,264 ERROR [SoapUI] An error occurred [com.eviware.soapui.plugins.auto.factories.AutoImportMethodFactory], see error log for details
2022-03-14 10:45:35,265 ERROR [errorlog] java.lang.ClassNotFoundException: com.eviware.soapui.plugins.auto.factories.AutoImportMethodFactory
java.lang.ClassNotFoundException: com.eviware.soapui.plugins.auto.factories.AutoImportMethodFactory
	at org.codehaus.plexus.classworlds.strategy.SelfFirstStrategy.loadClass(SelfFirstStrategy.java:50)
	at org.codehaus.plexus.classworlds.realm.ClassRealm.unsynchronizedLoadClass(ClassRealm.java:271)
	at org.codehaus.plexus.classworlds.realm.ClassRealm.loadClass(ClassRealm.java:247)
	at org.codehaus.plexus.classworlds.realm.ClassRealm.loadClass(ClassRealm.java:239)
	at java.lang.Class.forName0(Native Method)
	at java.lang.Class.forName(Class.java:264)
	at com.eviware.soapui.plugins.LoaderBase.loadAutoFactories(LoaderBase.java:113)
	at com.eviware.soapui.plugins.LoaderBase.loadFactories(LoaderBase.java:80)
	at com.eviware.soapui.plugins.PluginLoader.loadPluginFactories(PluginLoader.java:141)
	at com.eviware.soapui.plugins.PluginLoader.loadPlugin(PluginLoader.java:104)
	at com.eviware.soapui.plugins.PluginLoader.loadPlugin(PluginLoader.java:54)
	at com.eviware.soapui.plugins.PluginManager.doInstallPlugin(PluginManager.java:141)
	at com.eviware.soapui.plugins.PluginManager.access$600(PluginManager.java:43)
	at com.eviware.soapui.plugins.PluginManager$LoadPluginsTask.computeSequentially(PluginManager.java:420)
	at com.eviware.soapui.plugins.PluginManager$LoadPluginsTask.compute(PluginManager.java:377)
	at com.eviware.soapui.plugins.PluginManager$LoadPluginsTask.compute(PluginManager.java:365)
	at java.util.concurrent.RecursiveTask.exec(RecursiveTask.java:94)
	at java.util.concurrent.ForkJoinTask.doExec(ForkJoinTask.java:289)
	at java.util.concurrent.ForkJoinPool$WorkQueue.runTask(ForkJoinPool.java:1056)
	at java.util.concurrent.ForkJoinPool.runWorker(ForkJoinPool.java:1692)
	at java.util.concurrent.ForkJoinWorkerThread.run(ForkJoinWorkerThread.java:157)
2022-03-14 10:45:35,295 ERROR [SoapUI] An error occurred [com.eviware.soapui.plugins.auto.factories.AutoDiscoveryMethodFactory], see error log for details
2022-03-14 10:45:35,295 ERROR [errorlog] java.lang.ClassNotFoundException: com.eviware.soapui.plugins.auto.factories.AutoDiscoveryMethodFactory
java.lang.ClassNotFoundException: com.eviware.soapui.plugins.auto.factories.AutoDiscoveryMethodFactory
	at org.codehaus.plexus.classworlds.strategy.SelfFirstStrategy.loadClass(SelfFirstStrategy.java:50)
	at org.codehaus.plexus.classworlds.realm.ClassRealm.unsynchronizedLoadClass(ClassRealm.java:271)
	at org.codehaus.plexus.classworlds.realm.ClassRealm.loadClass(ClassRealm.java:247)
	at org.codehaus.plexus.classworlds.realm.ClassRealm.loadClass(ClassRealm.java:239)
	at java.lang.Class.forName0(Native Method)
	at java.lang.Class.forName(Class.java:264)
	at com.eviware.soapui.plugins.LoaderBase.loadAutoFactories(LoaderBase.java:113)
	at com.eviware.soapui.plugins.LoaderBase.loadFactories(LoaderBase.java:80)
	at com.eviware.soapui.plugins.PluginLoader.loadPluginFactories(PluginLoader.java:141)
	at com.eviware.soapui.plugins.PluginLoader.loadPlugin(PluginLoader.java:104)
	at com.eviware.soapui.plugins.PluginLoader.loadPlugin(PluginLoader.java:54)
	at com.eviware.soapui.plugins.PluginManager.doInstallPlugin(PluginManager.java:141)
	at com.eviware.soapui.plugins.PluginManager.access$600(PluginManager.java:43)
	at com.eviware.soapui.plugins.PluginManager$LoadPluginsTask.computeSequentially(PluginManager.java:420)
	at com.eviware.soapui.plugins.PluginManager$LoadPluginsTask.compute(PluginManager.java:377)
	at com.eviware.soapui.plugins.PluginManager$LoadPluginsTask.compute(PluginManager.java:365)
	at java.util.concurrent.RecursiveTask.exec(RecursiveTask.java:94)
	at java.util.concurrent.ForkJoinTask.doExec(ForkJoinTask.java:289)
	at java.util.concurrent.ForkJoinPool$WorkQueue.runTask(ForkJoinPool.java:1056)
	at java.util.concurrent.ForkJoinPool.runWorker(ForkJoinPool.java:1692)
	at java.util.concurrent.ForkJoinWorkerThread.run(ForkJoinWorkerThread.java:157)
2022-03-14 10:45:35,332 INFO  [PluginManager] 2 plugins loaded in 2158 ms
2022-03-14 10:45:35,335 INFO  [DefaultSoapUICore] All plugins loaded
2022-03-14 10:45:36,730 INFO  [WsdlProject] Loaded project from [file:/C:/Users/Moolya/Desktop/SoupUI%20project/my-app/customerCustomerRepositoryV1-soapui-project.xml]
2022-03-14 10:45:36,747 INFO  [SoapUITestCaseRunner] Running SoapUI tests in project [customerCustomerRepositoryV1]
2022-03-14 10:45:36,757 INFO  [SoapUITestCaseRunner] Running Project [customerCustomerRepositoryV1], runType = SEQUENTIAL
2022-03-14 10:45:36,775 INFO  [SoapUITestCaseRunner] Running SoapUI testcase [Traditional]
2022-03-14 10:45:36,810 INFO  [SoapUITestCaseRunner] running step [Email firstname lastname properties]
2022-03-14 10:45:36,880 INFO  [SoapUITestCaseRunner] running step [Email firstname lastname property transfer]
2022-03-14 10:45:37,335 INFO  [SoapUITestCaseRunner] running step [Creat customer]
2022-03-14 10:45:39,570 INFO  [SoapUITestCaseRunner] Assertion [SOAP Response] has status VALID
2022-03-14 10:45:39,570 INFO  [SoapUITestCaseRunner] running step [Get Id transfer]
2022-03-14 10:45:39,576 INFO  [SoapUITestCaseRunner] running step [Get customer by Id]
2022-03-14 10:45:40,902 INFO  [SoapUITestCaseRunner] Assertion [SOAP Response] has status VALID
2022-03-14 10:45:40,905 INFO  [SoapUITestCaseRunner] running step [Delete by Id transfer]
2022-03-14 10:45:40,922 INFO  [SoapUITestCaseRunner] running step [Delete by Id]
2022-03-14 10:45:42,371 INFO  [SoapUITestCaseRunner] Assertion [SOAP Response] has status VALID
2022-03-14 10:45:42,377 INFO  [SoapUITestCaseRunner] Finished running SoapUI testcase [Traditional], time taken: 5512ms, status: FINISHED
2022-03-14 10:45:42,411 INFO  [SoapUITestCaseRunner] Running SoapUI testcase [Property Expansion]
2022-03-14 10:45:42,424 INFO  [SoapUITestCaseRunner] running step [Email firstname lastname properties]
2022-03-14 10:45:42,429 INFO  [SoapUITestCaseRunner] running step [Creat customer]
2022-03-14 10:45:43,817 INFO  [SoapUITestCaseRunner] Assertion [SOAP Response] has status VALID
2022-03-14 10:45:43,818 INFO  [SoapUITestCaseRunner] running step [Get customer by Id]
2022-03-14 10:45:45,082 INFO  [SoapUITestCaseRunner] Assertion [SOAP Response] has status VALID
2022-03-14 10:45:45,082 INFO  [SoapUITestCaseRunner] running step [Delete by Id]
2022-03-14 10:45:46,433 INFO  [SoapUITestCaseRunner] Assertion [SOAP Response] has status VALID
2022-03-14 10:45:46,447 INFO  [SoapUITestCaseRunner] Finished running SoapUI testcase [Property Expansion], time taken: 3990ms, status: FINISHED
2022-03-14 10:45:46,513 INFO  [SoapUITestCaseRunner] Running SoapUI testcase [Script base Execution]
2022-03-14 10:45:46,517 INFO  [SoapUITestCaseRunner] running step [Email firstname lastname properties]
2022-03-14 10:45:46,518 INFO  [SoapUITestCaseRunner] running step [Creat customer]
2022-03-14 10:45:48,072 INFO  [SchemaUtils] Added default schema from file:/C:/Users/Moolya/.m2/repository/com/smartbear/soapui/soapui/5.5.0/soapui-5.5.0.jar!/com/eviware/soapui/resources/xsds/xop.xsd with targetNamespace http://www.w3.org/2004/08/xop/include
2022-03-14 10:45:48,107 INFO  [SchemaUtils] Added default schema from file:/C:/Users/Moolya/.m2/repository/com/smartbear/soapui/soapui/5.5.0/soapui-5.5.0.jar!/com/eviware/soapui/resources/xsds/XMLSchema.xsd with targetNamespace http://www.w3.org/2001/XMLSchema
2022-03-14 10:45:48,112 INFO  [SchemaUtils] Added default schema from file:/C:/Users/Moolya/.m2/repository/com/smartbear/soapui/soapui/5.5.0/soapui-5.5.0.jar!/com/eviware/soapui/resources/xsds/xml.xsd with targetNamespace http://www.w3.org/XML/1998/namespace
2022-03-14 10:45:48,114 INFO  [SchemaUtils] Added default schema from file:/C:/Users/Moolya/.m2/repository/com/smartbear/soapui/soapui/5.5.0/soapui-5.5.0.jar!/com/eviware/soapui/resources/xsds/swaref.xsd with targetNamespace http://ws-i.org/profiles/basic/1.1/xsd
2022-03-14 10:45:48,121 INFO  [SchemaUtils] Added default schema from file:/C:/Users/Moolya/.m2/repository/com/smartbear/soapui/soapui/5.5.0/soapui-5.5.0.jar!/com/eviware/soapui/resources/xsds/xmime200505.xsd with targetNamespace http://www.w3.org/2005/05/xmlmime
2022-03-14 10:45:48,124 INFO  [SchemaUtils] Added default schema from file:/C:/Users/Moolya/.m2/repository/com/smartbear/soapui/soapui/5.5.0/soapui-5.5.0.jar!/com/eviware/soapui/resources/xsds/xmime200411.xsd with targetNamespace http://www.w3.org/2004/11/xmlmime
2022-03-14 10:45:48,128 INFO  [SchemaUtils] Added default schema from file:/C:/Users/Moolya/.m2/repository/com/smartbear/soapui/soapui/5.5.0/soapui-5.5.0.jar!/com/eviware/soapui/resources/xsds/soapEnvelope.xsd with targetNamespace http://schemas.xmlsoap.org/soap/envelope/
2022-03-14 10:45:48,138 INFO  [SchemaUtils] Added default schema from file:/C:/Users/Moolya/.m2/repository/com/smartbear/soapui/soapui/5.5.0/soapui-5.5.0.jar!/com/eviware/soapui/resources/xsds/soapEncoding.xsd with targetNamespace http://schemas.xmlsoap.org/soap/encoding/
2022-03-14 10:45:48,142 INFO  [SchemaUtils] Added default schema from file:/C:/Users/Moolya/.m2/repository/com/smartbear/soapui/soapui/5.5.0/soapui-5.5.0.jar!/com/eviware/soapui/resources/xsds/soapEnvelope12.xsd with targetNamespace http://www.w3.org/2003/05/soap-envelope
2022-03-14 10:45:48,171 INFO  [SchemaUtils] Added default schema from file:/C:/Users/Moolya/.m2/repository/com/smartbear/soapui/soapui/5.5.0/soapui-5.5.0.jar!/com/eviware/soapui/resources/xsds/soapEncoding12.xsd with targetNamespace http://www.w3.org/2003/05/soap-encoding
2022-03-14 10:45:48,177 INFO  [SchemaUtils] Loading schema types from [file:\C:\Users\Moolya\Desktop\Assignment\SOAP%20API%20WSDL%20EndPoints\customerCustomerRepositoryV1.xml]
2022-03-14 10:45:48,190 INFO  [SchemaUtils] Getting schema file:\C:\Users\Moolya\Desktop\Assignment\SOAP%20API%20WSDL%20EndPoints\customerCustomerRepositoryV1.xml
2022-03-14 10:45:48,921 INFO  [log] 14525
2022-03-14 10:45:48,925 INFO  [SoapUITestCaseRunner] Assertion [SOAP Response] has status VALID
2022-03-14 10:45:48,926 INFO  [SoapUITestCaseRunner] Assertion [Not SOAP Fault] has status VALID
2022-03-14 10:45:48,929 INFO  [SoapUITestCaseRunner] Assertion [Schema Compliance] has status VALID
2022-03-14 10:45:48,929 INFO  [SoapUITestCaseRunner] Assertion [get and store Id] has status VALID
2022-03-14 10:45:48,933 INFO  [SoapUITestCaseRunner] running step [Get customer by Id]
2022-03-14 10:45:50,256 INFO  [SoapUITestCaseRunner] Assertion [SOAP Response] has status VALID
2022-03-14 10:45:50,263 INFO  [SoapUITestCaseRunner] Assertion [Not SOAP Fault] has status VALID
2022-03-14 10:45:50,264 INFO  [SoapUITestCaseRunner] Assertion [Schema Compliance] has status VALID
2022-03-14 10:45:50,268 INFO  [SoapUITestCaseRunner] running step [Delete by Id]
2022-03-14 10:45:51,756 INFO  [SoapUITestCaseRunner] Assertion [SOAP Response] has status VALID
2022-03-14 10:45:51,759 INFO  [SoapUITestCaseRunner] Assertion [Not SOAP Fault] has status VALID
2022-03-14 10:45:51,761 INFO  [SoapUITestCaseRunner] Assertion [Schema Compliance] has status VALID
2022-03-14 10:45:51,764 INFO  [SoapUITestCaseRunner] Finished running SoapUI testcase [Script base Execution], time taken: 5208ms, status: FINISHED
2022-03-14 10:45:51,768 INFO  [SoapUITestCaseRunner] Project [customerCustomerRepositoryV1] finished with status [FINISHED] in 15005ms
2022-03-14 10:45:58,176 WARN  [Tools] Could not delete temporary directory C:\Users\Moolya\AppData\Local\Temp\e45a2723-4a2e-463c-ad08-9456aa7823b2
2022-03-14 10:45:58,176 WARN  [Tools] Could not delete temporary directory C:\Users\Moolya\AppData\Local\Temp\9f0e8fd9-7838-4836-b308-cc6a9c0e502f
